2023-10-19 11:43:02,848 [INFO] Activator:176 - 


2023-10-19 11:43:02,864 [INFO] Activator:177 - !SESSION log4j initialized
2023-10-19 11:43:10,616 [INFO] LogOutputStream:77 - [STDOUT_REDIRECT] 
2023-10-19 11:43:18,144 [INFO] ApplicationProperties:184 - Using Application install path: C:\ST\STM32CubeIDE_1.13.2\STM32CubeIDE\plugins\com.st.stm32cube.common.mx_6.9.2.202309101412
2023-10-19 11:43:18,172 [INFO] DbMcusXml:78 - Set database path to: C:\ST\STM32CubeIDE_1.13.2\STM32CubeIDE\plugins\com.st.stm32cube.common.mx_6.9.2.202309101412\\db\/mcu/
2023-10-19 11:43:18,172 [INFO] ApiDb:274 - Set plugin database path to: C:\ST\STM32CubeIDE_1.13.2\STM32CubeIDE\plugins\com.st.stm32cube.common.mx_6.9.2.202309101412\\db\/plugins/boardmanager/
2023-10-19 11:43:18,173 [WARN] ApiDb:259 - Overriding images path with different value:  => C:\ST\STM32CubeIDE_1.13.2\STM32CubeIDE\plugins\com.st.stm32cube.common.mx_6.9.2.202309101412\\db\/plugins/mcufinder/images/
2023-10-19 11:43:18,189 [INFO] ApiDb:250 - Set database path to: C:\Users\salva\.stmcufinder\plugins\mcufinder//mcu/
2023-10-19 11:43:18,190 [INFO] DbMcusAds:125 - Set database path to: C:\Users\salva\.stmcufinder\plugins\mcufinder//mcu/
2023-10-19 11:43:18,192 [INFO] CrossReferenceDbSqlite:203 - Set database path to: C:\Users\salva\.stmcufinder\plugins\mcufinder//mcu/cs/
2023-10-19 11:43:18,334 [INFO] RulesReader:64 - Compatibility file has been processed (293 Rules)
2023-10-19 11:43:18,436 [INFO] DbMcusXml:78 - Set database path to: C:\ST\STM32CubeIDE_1.13.2\STM32CubeIDE\plugins\com.st.stm32cube.common.mx_6.9.2.202309101412\\db\/mcu/
2023-10-19 11:43:18,437 [INFO] ApiDb:274 - Set plugin database path to: C:\ST\STM32CubeIDE_1.13.2\STM32CubeIDE\plugins\com.st.stm32cube.common.mx_6.9.2.202309101412\\db\/plugins/boardmanager/
2023-10-19 11:43:18,437 [INFO] ApiDb:261 - Set plugin images path to: C:\ST\STM32CubeIDE_1.13.2\STM32CubeIDE\plugins\com.st.stm32cube.common.mx_6.9.2.202309101412\\db\/plugins/mcufinder/images/
2023-10-19 11:43:18,437 [WARN] DbFile:41 - Overriding database path with different value: C:\Users\salva\.stmcufinder\plugins\mcufinder/ => C:\Users\salva\.stmcufinder\plugins\mcufinder
2023-10-19 11:43:18,437 [INFO] ApiDb:250 - Set database path to: C:\Users\salva\.stmcufinder\plugins\mcufinder//mcu/
2023-10-19 11:43:18,438 [WARN] DbFile:41 - Overriding database path with different value: C:\Users\salva\.stmcufinder\plugins\mcufinder/ => C:\Users\salva\.stmcufinder\plugins\mcufinder
2023-10-19 11:43:18,438 [INFO] DbMcusAds:125 - Set database path to: C:\Users\salva\.stmcufinder\plugins\mcufinder//mcu/
2023-10-19 11:43:18,438 [WARN] DbFile:41 - Overriding database path with different value: C:\Users\salva\.stmcufinder\plugins\mcufinder/ => C:\Users\salva\.stmcufinder\plugins\mcufinder
2023-10-19 11:43:18,438 [WARN] DbFile:41 - Overriding database path with different value: C:\Users\salva\.stmcufinder\plugins\mcufinder/ => C:\Users\salva\.stmcufinder\plugins\mcufinder
2023-10-19 11:43:18,438 [INFO] CrossReferenceDbSqlite:203 - Set database path to: C:\Users\salva\.stmcufinder\plugins\mcufinder//mcu/cs/
2023-10-19 11:43:18,534 [INFO] MainPanel:262 - HeapMemory: 268435456
2023-10-19 11:43:18,683 [INFO] DbMcusXml:78 - Set database path to: C:\ST\STM32CubeIDE_1.13.2\STM32CubeIDE\plugins\com.st.stm32cube.common.mx_6.9.2.202309101412\\db\/mcu/
2023-10-19 11:43:18,683 [INFO] ApiDb:274 - Set plugin database path to: C:\ST\STM32CubeIDE_1.13.2\STM32CubeIDE\plugins\com.st.stm32cube.common.mx_6.9.2.202309101412\\db\/plugins/boardmanager/
2023-10-19 11:43:18,684 [INFO] ApiDb:261 - Set plugin images path to: C:\ST\STM32CubeIDE_1.13.2\STM32CubeIDE\plugins\com.st.stm32cube.common.mx_6.9.2.202309101412\\db\/plugins/mcufinder/images/
2023-10-19 11:43:18,686 [WARN] DbFile:41 - Overriding database path with different value: C:\Users\salva\.stmcufinder\plugins\mcufinder/ => C:\Users\salva\.stmcufinder\plugins\mcufinder
2023-10-19 11:43:18,686 [INFO] ApiDb:250 - Set database path to: C:\Users\salva\.stmcufinder\plugins\mcufinder//mcu/
2023-10-19 11:43:18,686 [WARN] DbFile:41 - Overriding database path with different value: C:\Users\salva\.stmcufinder\plugins\mcufinder/ => C:\Users\salva\.stmcufinder\plugins\mcufinder
2023-10-19 11:43:18,686 [INFO] DbMcusAds:125 - Set database path to: C:\Users\salva\.stmcufinder\plugins\mcufinder//mcu/
2023-10-19 11:43:18,686 [WARN] DbFile:41 - Overriding database path with different value: C:\Users\salva\.stmcufinder\plugins\mcufinder/ => C:\Users\salva\.stmcufinder\plugins\mcufinder
2023-10-19 11:43:18,686 [WARN] DbFile:41 - Overriding database path with different value: C:\Users\salva\.stmcufinder\plugins\mcufinder/ => C:\Users\salva\.stmcufinder\plugins\mcufinder
2023-10-19 11:43:18,687 [INFO] CrossReferenceDbSqlite:203 - Set database path to: C:\Users\salva\.stmcufinder\plugins\mcufinder//mcu/cs/
2023-10-19 11:43:18,712 [INFO] ApplicationProperties:184 - Using Application install path: C:\ST\STM32CubeIDE_1.13.2\STM32CubeIDE\plugins\com.st.stm32cube.common.mx_6.9.2.202309101412
2023-10-19 11:43:18,714 [INFO] PluginManage:196 - Search for loadable plugins [exclusion list=, ]
2023-10-19 11:43:18,715 [INFO] PluginManage:310 - Check plugin analytics
2023-10-19 11:43:23,926 [INFO] AnalyticsPlugin:253 - Accepted Software Licenses: 
2023-10-19 11:43:23,926 [INFO] AnalyticsPlugin:255 - Accepted CMSIS Pack Licenses: 
2023-10-19 11:43:23,926 [INFO] AnalyticsPlugin:257 - Accepted Firmware Licenses: FW.G4.1.5.0
2023-10-19 11:43:23,942 [INFO] PluginManage:359 - Loaded plugin analytics (category:tool,tabindex:-1)
2023-10-19 11:43:23,942 [INFO] PluginManage:310 - Check plugin cadmodel
2023-10-19 11:43:23,958 [INFO] CADModel:105 - Init CAD model plugin
2023-10-19 11:43:23,958 [INFO] PluginManage:359 - Loaded plugin cadmodel (category:power,tabindex:5)
2023-10-19 11:43:23,958 [INFO] PluginManage:310 - Check plugin clock
2023-10-19 11:43:23,979 [INFO] PluginManage:359 - Loaded plugin clock (category:base,tabindex:2)
2023-10-19 11:43:23,979 [INFO] PluginManage:310 - Check plugin ddr
2023-10-19 11:43:23,979 [INFO] PluginManage:359 - Loaded plugin ddr (category:tool,tabindex:6)
2023-10-19 11:43:23,979 [INFO] PluginManage:310 - Check plugin filemanager
2023-10-19 11:43:24,198 [INFO] PluginManage:359 - Loaded plugin filemanager (category:base,tabindex:10)
2023-10-19 11:43:24,198 [INFO] PluginManage:310 - Check plugin ipmanager
2023-10-19 11:43:24,198 [INFO] PluginManage:359 - Loaded plugin ipmanager (category:base,tabindex:5)
2023-10-19 11:43:24,198 [INFO] PluginManage:310 - Check plugin lpbam
2023-10-19 11:43:24,212 [INFO] PluginManage:359 - Loaded plugin lpbam (category:base,tabindex:0)
2023-10-19 11:43:24,212 [INFO] PluginManage:310 - Check plugin memorymap
2023-10-19 11:43:24,275 [INFO] PluginManage:359 - Loaded plugin memorymap (category:base,tabindex:4)
2023-10-19 11:43:24,275 [INFO] PluginManage:310 - Check plugin pinoutandconfiguration
2023-10-19 11:43:24,290 [INFO] PluginManage:359 - Loaded plugin pinoutandconfiguration (category:base,tabindex:1)
2023-10-19 11:43:24,290 [INFO] PluginManage:310 - Check plugin pinoutconfig
2023-10-19 11:43:24,400 [WARN] SupportedApi:132 - Cannot load RTOS API schema: s4s-elt-must-match.1: The content of 'definitions' must match (annotation?, (simpleType | complexType)?, (unique | key | keyref)*)). A problem was found starting at: attribute.
2023-10-19 11:43:24,540 [INFO] PluginManage:359 - Loaded plugin pinoutconfig (category:base,tabindex:0)
2023-10-19 11:43:24,540 [INFO] PluginManage:310 - Check plugin power
2023-10-19 11:43:24,556 [INFO] PluginManage:359 - Loaded plugin power (category:power,tabindex:4)
2023-10-19 11:43:24,556 [INFO] PluginManage:310 - Check plugin projectmanager
2023-10-19 11:43:24,571 [INFO] PluginManage:359 - Loaded plugin projectmanager (category:projectmanager,tabindex:3)
2023-10-19 11:43:24,571 [INFO] PluginManage:310 - Check plugin thirdparty
2023-10-19 11:43:24,837 [INFO] PluginManage:359 - Loaded plugin thirdparty (category:base,tabindex:-1)
2023-10-19 11:43:24,837 [WARN] IntegrityCheckThread:84 - waiting for thirdparty lock release [integrity check]
2023-10-19 11:43:24,837 [INFO] PluginManage:310 - Check plugin tools
2023-10-19 11:43:24,837 [INFO] IntegrityCheckThread:86 - entering critical section [integrity check]
2023-10-19 11:43:24,837 [INFO] ThirdPartyUpdaterWithRetryManager:70 - Updater plugin not ready yet. [1/15]
2023-10-19 11:43:24,868 [INFO] PluginManage:359 - Loaded plugin tools (category:base,tabindex:7)
2023-10-19 11:43:24,868 [INFO] PluginManage:310 - Check plugin tutovideos
2023-10-19 11:43:25,087 [INFO] PluginManage:359 - Loaded plugin tutovideos (category:base,tabindex:-1)
2023-10-19 11:43:25,087 [INFO] PluginManage:310 - Check plugin updater
2023-10-19 11:43:25,103 [INFO] PluginManage:359 - Loaded plugin updater (category:base,tabindex:12)
2023-10-19 11:43:25,103 [INFO] PluginManage:310 - Check plugin userauth
2023-10-19 11:43:25,105 [INFO] UserAuth:113 - Init User Auth plugin
2023-10-19 11:43:25,105 [INFO] PluginManage:359 - Loaded plugin userauth (category:base,tabindex:14)
2023-10-19 11:43:25,105 [INFO] PluginManage:283 - PluginManage : Loaded plugins [17]
2023-10-19 11:43:25,355 [INFO] PinOutPanel:1499 - setPackage(No Configuration,No Configuration)
2023-10-19 11:43:25,480 [INFO] CADModel:165 - CPN selected for project level
2023-10-19 11:43:25,480 [INFO] CADModel:114 - Register for checkConnection events
2023-10-19 11:43:25,511 [INFO] IPUIPlugin:80 - create IPUIPlugin
2023-10-19 11:43:25,511 [INFO] PluginManager:220 - loadIPPluginJar : add adc
2023-10-19 11:43:25,542 [INFO] IPUIPlugin:80 - create IPUIPlugin
2023-10-19 11:43:25,542 [INFO] PluginManager:220 - loadIPPluginJar : add aes
2023-10-19 11:43:25,589 [INFO] IPUIPlugin:80 - create IPUIPlugin
2023-10-19 11:43:25,589 [INFO] PluginManager:220 - loadIPPluginJar : add can
2023-10-19 11:43:25,604 [INFO] IPUIPlugin:80 - create IPUIPlugin
2023-10-19 11:43:25,604 [INFO] PluginManager:220 - loadIPPluginJar : add comp
2023-10-19 11:43:25,636 [INFO] IPUIPlugin:80 - create IPUIPlugin
2023-10-19 11:43:25,636 [INFO] PluginManager:220 - loadIPPluginJar : add cryp
2023-10-19 11:43:25,667 [INFO] IPUIPlugin:80 - create IPUIPlugin
2023-10-19 11:43:25,667 [INFO] PluginManager:220 - loadIPPluginJar : add dfsdm
2023-10-19 11:43:25,667 [INFO] IPUIPlugin:80 - create IPUIPlugin
2023-10-19 11:43:25,667 [INFO] PluginManager:220 - loadIPPluginJar : add dma
2023-10-19 11:43:25,714 [INFO] IPUIPlugin:80 - create IPUIPlugin
2023-10-19 11:43:25,714 [INFO] PluginManager:220 - loadIPPluginJar : add dma3
2023-10-19 11:43:25,729 [INFO] IPUIPlugin:80 - create IPUIPlugin
2023-10-19 11:43:25,729 [INFO] PluginManager:220 - loadIPPluginJar : add fatfs
2023-10-19 11:43:25,776 [INFO] IPUIPlugin:80 - create IPUIPlugin
2023-10-19 11:43:25,776 [INFO] PluginManager:220 - loadIPPluginJar : add fmc
2023-10-19 11:43:25,792 [INFO] IPUIPlugin:80 - create IPUIPlugin
2023-10-19 11:43:25,792 [INFO] PluginManager:220 - loadIPPluginJar : add freertos
2023-10-19 11:43:25,808 [INFO] IPUIPlugin:80 - create IPUIPlugin
2023-10-19 11:43:25,808 [INFO] PluginManager:220 - loadIPPluginJar : add genericplugin
2023-10-19 11:43:25,886 [INFO] IPUIPlugin:80 - create IPUIPlugin
2023-10-19 11:43:25,886 [INFO] PluginManager:220 - loadIPPluginJar : add gfxmmu
2023-10-19 11:43:26,011 [INFO] IPUIPlugin:80 - create IPUIPlugin
2023-10-19 11:43:26,011 [INFO] PluginManager:220 - loadIPPluginJar : add gic
2023-10-19 11:43:26,011 [INFO] IPUIPlugin:80 - create IPUIPlugin
2023-10-19 11:43:26,011 [INFO] PluginManager:220 - loadIPPluginJar : add gpio
2023-10-19 11:43:26,089 [INFO] IPUIPlugin:80 - create IPUIPlugin
2023-10-19 11:43:26,089 [INFO] PluginManager:220 - loadIPPluginJar : add gtzc
2023-10-19 11:43:26,120 [INFO] IPUIPlugin:80 - create IPUIPlugin
2023-10-19 11:43:26,120 [INFO] PluginManager:220 - loadIPPluginJar : add hash
2023-10-19 11:43:26,167 [INFO] IPUIPlugin:80 - create IPUIPlugin
2023-10-19 11:43:26,167 [INFO] PluginManager:220 - loadIPPluginJar : add i2c
2023-10-19 11:43:26,214 [INFO] IPUIPlugin:80 - create IPUIPlugin
2023-10-19 11:43:26,214 [INFO] PluginManager:220 - loadIPPluginJar : add i2s
2023-10-19 11:43:26,261 [INFO] IPUIPlugin:80 - create IPUIPlugin
2023-10-19 11:43:26,261 [INFO] PluginManager:220 - loadIPPluginJar : add i3c
2023-10-19 11:43:26,354 [INFO] IPUIPlugin:80 - create IPUIPlugin
2023-10-19 11:43:26,354 [INFO] PluginManager:220 - loadIPPluginJar : add ipddr
2023-10-19 11:43:26,433 [INFO] IPUIPlugin:80 - create IPUIPlugin
2023-10-19 11:43:26,433 [INFO] PluginManager:220 - loadIPPluginJar : add linkedlist
2023-10-19 11:43:26,464 [INFO] IPUIPlugin:80 - create IPUIPlugin
2023-10-19 11:43:26,464 [INFO] PluginManager:220 - loadIPPluginJar : add lorawan
2023-10-19 11:43:26,511 [INFO] IPUIPlugin:80 - create IPUIPlugin
2023-10-19 11:43:26,511 [INFO] PluginManager:220 - loadIPPluginJar : add ltdc
2023-10-19 11:43:26,511 [INFO] IPUIPlugin:80 - create IPUIPlugin
2023-10-19 11:43:26,526 [INFO] PluginManager:220 - loadIPPluginJar : add mdma
2023-10-19 11:43:26,526 [INFO] IPUIPlugin:80 - create IPUIPlugin
2023-10-19 11:43:26,526 [INFO] PluginManager:220 - loadIPPluginJar : add nvic
2023-10-19 11:43:26,573 [INFO] IPUIPlugin:80 - create IPUIPlugin
2023-10-19 11:43:26,573 [INFO] PluginManager:220 - loadIPPluginJar : add opamp
2023-10-19 11:43:26,636 [INFO] IPUIPlugin:80 - create IPUIPlugin
2023-10-19 11:43:26,636 [INFO] PluginManager:220 - loadIPPluginJar : add openamp
2023-10-19 11:43:26,667 [INFO] IPUIPlugin:80 - create IPUIPlugin
2023-10-19 11:43:26,667 [INFO] PluginManager:220 - loadIPPluginJar : add pdm2pcm
2023-10-19 11:43:26,683 [INFO] IPUIPlugin:80 - create IPUIPlugin
2023-10-19 11:43:26,683 [INFO] PluginManager:220 - loadIPPluginJar : add plateformsettings
2023-10-19 11:43:26,698 [INFO] IPUIPlugin:80 - create IPUIPlugin
2023-10-19 11:43:26,698 [INFO] PluginManager:220 - loadIPPluginJar : add quadspi
2023-10-19 11:43:26,714 [INFO] IPUIPlugin:80 - create IPUIPlugin
2023-10-19 11:43:26,714 [INFO] PluginManager:220 - loadIPPluginJar : add resmgrutility
2023-10-19 11:43:26,761 [INFO] IPUIPlugin:80 - create IPUIPlugin
2023-10-19 11:43:26,761 [INFO] PluginManager:220 - loadIPPluginJar : add sai
2023-10-19 11:43:26,792 [INFO] IPUIPlugin:80 - create IPUIPlugin
2023-10-19 11:43:26,792 [INFO] PluginManager:220 - loadIPPluginJar : add spi
2023-10-19 11:43:26,855 [INFO] IPUIPlugin:80 - create IPUIPlugin
2023-10-19 11:43:26,855 [INFO] PluginManager:220 - loadIPPluginJar : add stm32_wpan
2023-10-19 11:43:26,870 [INFO] IPUIPlugin:80 - create IPUIPlugin
2023-10-19 11:43:26,870 [INFO] PluginManager:220 - loadIPPluginJar : add tim
2023-10-19 11:43:26,933 [INFO] IPUIPlugin:80 - create IPUIPlugin
2023-10-19 11:43:26,933 [INFO] PluginManager:220 - loadIPPluginJar : add touchsensing
2023-10-19 11:43:26,948 [INFO] IPUIPlugin:80 - create IPUIPlugin
2023-10-19 11:43:26,964 [INFO] PluginManager:220 - loadIPPluginJar : add tracer_emb
2023-10-19 11:43:26,979 [INFO] IPUIPlugin:80 - create IPUIPlugin
2023-10-19 11:43:26,979 [INFO] PluginManager:220 - loadIPPluginJar : add ts
2023-10-19 11:43:26,995 [INFO] IPUIPlugin:80 - create IPUIPlugin
2023-10-19 11:43:26,995 [INFO] PluginManager:220 - loadIPPluginJar : add tsc
2023-10-19 11:43:27,011 [INFO] IPUIPlugin:80 - create IPUIPlugin
2023-10-19 11:43:27,011 [INFO] PluginManager:220 - loadIPPluginJar : add ucpd
2023-10-19 11:43:27,058 [INFO] IPUIPlugin:80 - create IPUIPlugin
2023-10-19 11:43:27,058 [INFO] PluginManager:220 - loadIPPluginJar : add usart
2023-10-19 11:43:27,089 [INFO] IPUIPlugin:80 - create IPUIPlugin
2023-10-19 11:43:27,089 [INFO] PluginManager:220 - loadIPPluginJar : add usbx
2023-10-19 11:43:27,245 [INFO] CADModel:165 - CPN selected for project level
2023-10-19 11:43:27,245 [INFO] CADModel:114 - Register for checkConnection events
2023-10-19 11:43:27,245 [FATAL] Updater:308 - Updater called before beeing initialized
2023-10-19 11:43:27,245 [ERROR] CADModel:125 - Updater not yet initialized, retry later 
2023-10-19 11:43:27,386 [INFO] CADModel:165 - CPN selected for project level
2023-10-19 11:43:27,386 [INFO] CADModel:114 - Register for checkConnection events
2023-10-19 11:43:27,386 [FATAL] Updater:308 - Updater called before beeing initialized
2023-10-19 11:43:27,386 [ERROR] CADModel:125 - Updater not yet initialized, retry later 
2023-10-19 11:43:27,401 [FATAL] Updater:308 - Updater called before beeing initialized
2023-10-19 11:43:27,511 [FATAL] Updater:308 - Updater called before beeing initialized
2023-10-19 11:43:27,527 [INFO] DbMcusAds:53 - JSON generation date=Tue Mar 07 09:50:55 CET 2023 (1678179055114)
2023-10-19 11:43:27,527 [FATAL] Updater:308 - Updater called before beeing initialized
2023-10-19 11:43:27,620 [WARN] DetailPanel:346 - Failed to get advertising image, set to default
2023-10-19 11:43:27,698 [FATAL] Updater:308 - Updater called before beeing initialized
2023-10-19 11:43:27,698 [FATAL] Updater:308 - Updater called before beeing initialized
2023-10-19 11:43:27,698 [FATAL] Updater:308 - Updater called before beeing initialized
2023-10-19 11:43:27,698 [WARN] DetailPanel:346 - Failed to get advertising image, set to default
2023-10-19 11:43:27,714 [FATAL] Updater:308 - Updater called before beeing initialized
2023-10-19 11:43:27,776 [ERROR] Updater:1120 - MainUpdater not yet initialized. External WinMGr cannot be set.
2023-10-19 11:43:27,792 [INFO] Updater:1056 - Updater Version found : 6.9.2
2023-10-19 11:43:27,807 [INFO] ApplicationProperties:184 - Using Application install path: C:\ST\STM32CubeIDE_1.13.2\STM32CubeIDE\plugins\com.st.stm32cube.common.mx_6.9.2.202309101412
2023-10-19 11:43:27,854 [INFO] ThirdPartyUpdaterWithRetryManager:70 - Updater plugin not ready yet. [2/15]
2023-10-19 11:43:27,995 [INFO] MainUpdater:2868 - connection check result : 10
2023-10-19 11:43:27,995 [INFO] MainUpdater:285 - Updater Check For Update Now.
2023-10-19 11:43:27,995 [INFO] MicroXplorer:498 - Change Database Version : DB.6.0.92
2023-10-19 11:43:28,011 [INFO] McuFinderGlobals:63 - Set McuFinder mode to 2 (CubeIDE integrated)
2023-10-19 11:43:28,214 [INFO] CheckServerUpdateThread:120 - End of CheckServer Thread
2023-10-19 11:43:31,120 [WARN] PackLoader:240 - Cannot read IP mode file for STMicroelectronics.X-CUBE-AZRTOS-F7.1.1.0
2023-10-19 11:43:31,136 [WARN] PackLoader:240 - Cannot read IP mode file for STMicroelectronics.X-CUBE-BLE1.6.2.3
2023-10-19 11:43:31,152 [WARN] PackLoader:240 - Cannot read IP mode file for STMicroelectronics.X-CUBE-BLE1.6.2.4
2023-10-19 11:43:31,183 [WARN] PackLoader:240 - Cannot read IP mode file for STMicroelectronics.X-CUBE-TOF1.3.1.0
2023-10-19 11:43:31,214 [WARN] PackLoader:240 - Cannot read IP mode file for STMicroelectronics.X-CUBE-DISPLAY.3.0.0
2023-10-19 11:43:31,339 [WARN] PackLoader:240 - Cannot read IP mode file for STMicroelectronics.X-CUBE-MEMS1.9.3.0
2023-10-19 11:43:31,464 [WARN] PackLoader:240 - Cannot read IP mode file for STMicroelectronics.X-CUBE-AI.7.2.0
2023-10-19 11:43:31,480 [WARN] PackLoader:240 - Cannot read IP mode file for STMicroelectronics.X-CUBE-BLE2.3.3.0
2023-10-19 11:43:31,505 [WARN] PackLoader:240 - Cannot read IP mode file for STMicroelectronics.X-CUBE-DISPLAY.2.2.0
2023-10-19 11:43:31,526 [WARN] PackLoader:240 - Cannot read IP mode file for STMicroelectronics.X-CUBE-TOF1.3.2.0
2023-10-19 11:43:31,558 [WARN] PackLoader:240 - Cannot read IP mode file for STMicroelectronics.X-CUBE-ISPU.1.0.0
2023-10-19 11:43:31,604 [WARN] PackLoader:240 - Cannot read IP mode file for STMicroelectronics.X-CUBE-AZRTOS-H7.2.1.0
2023-10-19 11:43:31,636 [WARN] PackLoader:240 - Cannot read IP mode file for STMicroelectronics.X-CUBE-TOUCHGFX.4.21.1
2023-10-19 11:43:31,761 [WARN] PackLoader:240 - Cannot read IP mode file for STMicroelectronics.X-CUBE-MEMS1.9.4.0
2023-10-19 11:43:31,995 [WARN] PackLoader:240 - Cannot read IP mode file for STMicroelectronics.X-CUBE-AI.7.3.0
2023-10-19 11:43:32,011 [WARN] PackLoader:240 - Cannot read IP mode file for STMicroelectronics.X-CUBE-ALGOBUILD.1.3.0
2023-10-19 11:43:32,058 [WARN] PackLoader:240 - Cannot read IP mode file for STMicroelectronics.X-CUBE-AZRTOS-G0.1.1.0
2023-10-19 11:43:32,073 [WARN] PackLoader:240 - Cannot read IP mode file for STMicroelectronics.X-CUBE-NFC4.3.0.0
2023-10-19 11:43:32,152 [WARN] PackLoader:240 - Cannot read IP mode file for SEGGER.I-CUBE-embOS.1.2.0
2023-10-19 11:43:32,276 [WARN] PackLoader:240 - Cannot read IP mode file for STMicroelectronics.X-CUBE-BLEMGR.1.3.0
2023-10-19 11:43:32,308 [WARN] PackLoader:240 - Cannot read IP mode file for STMicroelectronics.FP-ATR-SIGFOX1.3.2.0
2023-10-19 11:43:32,323 [WARN] PackLoader:240 - Cannot read IP mode file for emotas.I-CUBE-CANOPEN.1.1.2
2023-10-19 11:43:32,355 [WARN] PackLoader:240 - Cannot read IP mode file for STMicroelectronics.X-CUBE-TOUCHGFX.4.20.0
2023-10-19 11:43:32,370 [WARN] PackLoader:240 - Cannot read IP mode file for STMicroelectronics.X-CUBE-GNSS1.6.0.0
2023-10-19 11:43:32,433 [WARN] PackLoader:240 - Cannot read IP mode file for STMicroelectronics.X-CUBE-AZRTOS-F4.1.1.0
2023-10-19 11:43:32,464 [WARN] PackLoader:240 - Cannot read IP mode file for STMicroelectronics.X-CUBE-BLEMGR.1.2.0
2023-10-19 11:43:32,495 [WARN] PackLoader:240 - Cannot read IP mode file for STMicroelectronics.X-CUBE-NFC4.2.0.4
2023-10-19 11:43:32,511 [WARN] PackLoader:240 - Cannot read IP mode file for wolfSSL.I-CUBE-wolfSSL.5.5.0
2023-10-19 11:43:32,527 [WARN] PackLoader:240 - Cannot read IP mode file for STMicroelectronics.X-CUBE-NFC7.1.0.0
2023-10-19 11:43:32,558 [WARN] PackLoader:240 - Cannot read IP mode file for STMicroelectronics.X-CUBE-EEPRMA1.4.1.0
2023-10-19 11:43:32,573 [WARN] PackLoader:240 - Cannot read IP mode file for STMicroelectronics.X-CUBE-SFXS2LP1.4.0.0
2023-10-19 11:43:32,620 [WARN] PackLoader:240 - Cannot read IP mode file for STMicroelectronics.X-CUBE-AZRTOS-H7.3.0.0
2023-10-19 11:43:32,636 [WARN] PackLoader:240 - Cannot read IP mode file for STMicroelectronics.X-CUBE-ISPU.1.1.0
2023-10-19 11:43:32,651 [WARN] PackLoader:240 - Cannot read IP mode file for RoweBots.I-CUBE-UNISONRTOS.5.5.0-4
2023-10-19 11:43:32,667 [WARN] PackLoader:240 - Cannot read IP mode file for STMicroelectronics.X-CUBE-BLEMGR.1.0.0
2023-10-19 11:43:32,714 [WARN] PackLoader:240 - Cannot read IP mode file for STMicroelectronics.X-CUBE-AZRTOS-L5.1.1.0
2023-10-19 11:43:32,730 [WARN] PackLoader:240 - Cannot read IP mode file for STMicroelectronics.X-CUBE-SUBG2.5.0.0
2023-10-19 11:43:32,745 [WARN] PackLoader:240 - Cannot read IP mode file for STMicroelectronics.FP-ATR-ASTRA1.1.1.1
2023-10-19 11:43:32,792 [WARN] PackLoader:240 - Cannot read IP mode file for STMicroelectronics.X-CUBE-AZRTOS-G4.1.0.0
2023-10-19 11:43:32,823 [WARN] PackLoader:240 - Cannot read IP mode file for STMicroelectronics.X-CUBE-AZRTOS-L4.1.0.0
2023-10-19 11:43:32,854 [WARN] PackLoader:240 - Cannot read IP mode file for STMicroelectronics.X-CUBE-AZRTOS-WL.1.0.0
2023-10-19 11:43:32,870 [WARN] PackLoader:240 - Cannot read IP mode file for portGmbH.I-Cube-SoM-uGOAL.1.1.0
2023-10-19 11:43:32,886 [WARN] PackLoader:240 - Cannot read IP mode file for STMicroelectronics.X-CUBE-ALS.1.0.1
2023-10-19 11:43:32,917 [WARN] PackLoader:240 - Cannot read IP mode file for STMicroelectronics.X-CUBE-AZRTOS-WB.1.1.0
2023-10-19 11:43:32,948 [WARN] PackLoader:240 - Cannot read IP mode file for STMicroelectronics.X-CUBE-AZRTOS-L5.1.0.0
2023-10-19 11:43:32,964 [WARN] PackLoader:240 - Cannot read IP mode file for STMicroelectronics.X-CUBE-EEPRMA1.3.1.1
2023-10-19 11:43:32,964 [INFO] ThirdParty:978 - Integrity check success = true
2023-10-19 11:43:32,964 [INFO] IntegrityCheckThread:100 - exiting critical section [integrity check]
2023-10-19 11:43:32,964 [INFO] IntegrityCheckThread:103 - End integrity checks thread
2023-10-19 11:43:49,292 [ERROR] LogOutputStream:75 - [STDERR_REDIRECT] SLF4J: Failed to load class "org.slf4j.impl.StaticLoggerBinder".
2023-10-19 11:43:49,292 [ERROR] LogOutputStream:75 - [STDERR_REDIRECT] SLF4J: Defaulting to no-operation (NOP) logger implementation
2023-10-19 11:43:49,292 [ERROR] LogOutputStream:75 - [STDERR_REDIRECT] SLF4J: See http://www.slf4j.org/codes.html#StaticLoggerBinder for further details.
2023-10-19 11:51:17,691 [INFO] McuFinderGlobals:63 - Set McuFinder mode to 2 (CubeIDE integrated)
2023-10-19 11:51:17,959 [INFO] MainUpdater:2868 - connection check result : 10
2023-10-19 11:51:18,059 [INFO] MainUpdater:2868 - connection check result : 10
2023-10-19 11:51:19,693 [INFO] MicroXplorer:468 - Change Database Path : 
2023-10-19 11:51:19,693 [INFO] MicroXplorer:498 - Change Database Version : DB.6.0.92
2023-10-19 11:51:19,698 [WARN] ThirdParty:871 - waiting for thirdparty lock release [close project]
2023-10-19 11:51:19,698 [INFO] ThirdParty:873 - entering critical section [close project]
2023-10-19 11:51:19,699 [INFO] ThirdParty:883 - exiting critical section [close project]
2023-10-19 11:51:19,700 [INFO] PinOutPanel:1499 - setPackage(No Configuration,No Configuration)
2023-10-19 11:51:19,707 [INFO] UtilMem:75 - Begin LoadConfig() Used Memory: 519819152 Bytes (739246080)
2023-10-19 11:51:19,708 [INFO] MicroXplorer:468 - Change Database Path : 
2023-10-19 11:51:19,708 [INFO] MicroXplorer:498 - Change Database Version : DB.6.0.92
2023-10-19 11:51:19,708 [INFO] OpenFileManager:308 - Change cursor
2023-10-19 11:51:19,753 [INFO] Mcu:1946 - Initializing MCU STM32G474R(B-C-E)Tx STM32G474RETx STM32G474RET6
2023-10-19 11:51:26,028 [INFO] Context:659 - Trying to add GPIOservice into a context  which must be forbidden
2023-10-19 11:51:28,914 [INFO] RtosManager:555 - Registered RTOS mode: class=CMSIS, group=RTOS, mode=CMSIS_V1, owner=FREERTOS
2023-10-19 11:51:28,915 [INFO] RtosManager:555 - Registered RTOS mode: class=CMSIS, group=RTOS2, mode=CMSIS_V2, owner=FREERTOS
2023-10-19 11:51:28,915 [INFO] RtosManager:555 - Registered RTOS mode: class=RTOS, group=Core, mode=CMSIS_V1, owner=FREERTOS
2023-10-19 11:51:28,915 [INFO] RtosManager:555 - Registered RTOS mode: class=RTOS, group=Core, mode=CMSIS_V2, owner=FREERTOS
2023-10-19 11:51:28,916 [WARN] ModelIntegratedComponent:184 - Missing modes for component STMicroelectronics:FreeRTOS:0.0.1:STMicroelectronics:RTOS:FreeRTOS:Core:::10.2.0:
2023-10-19 11:51:28,928 [WARN] ModelIntegratedComponent:63 - No mode defined for component null
2023-10-19 11:51:28,929 [WARN] ModelIntegratedComponent:63 - No mode defined for component null
2023-10-19 11:51:28,929 [WARN] ModelIntegratedComponent:63 - No mode defined for component null
2023-10-19 11:51:28,929 [WARN] ModelIntegratedComponent:63 - No mode defined for component null
2023-10-19 11:51:28,929 [WARN] ModelIntegratedComponent:63 - No mode defined for component null
2023-10-19 11:51:28,929 [WARN] ModelIntegratedComponent:63 - No mode defined for component null
2023-10-19 11:51:28,929 [WARN] ModelIntegratedComponent:63 - No mode defined for component null
2023-10-19 11:51:28,929 [WARN] ModelIntegratedComponent:63 - No mode defined for component null
2023-10-19 11:51:28,929 [WARN] ModelIntegratedComponent:63 - No mode defined for component null
2023-10-19 11:51:28,929 [WARN] ModelIntegratedComponent:63 - No mode defined for component null
2023-10-19 11:51:28,929 [WARN] ModelIntegratedComponent:63 - No mode defined for component null
2023-10-19 11:51:28,929 [WARN] ModelIntegratedComponent:63 - No mode defined for component null
2023-10-19 11:51:28,929 [WARN] ModelIntegratedComponent:63 - No mode defined for component null
2023-10-19 11:51:28,929 [WARN] ModelIntegratedComponent:63 - No mode defined for component null
2023-10-19 11:51:28,929 [WARN] ModelIntegratedComponent:63 - No mode defined for component null
2023-10-19 11:51:28,929 [WARN] ModelIntegratedComponent:63 - No mode defined for component null
2023-10-19 11:51:28,930 [WARN] ModelIntegratedComponent:63 - No mode defined for component null
2023-10-19 11:51:28,930 [WARN] ModelIntegratedComponent:63 - No mode defined for component null
2023-10-19 11:51:28,930 [WARN] ModelIntegratedComponent:63 - No mode defined for component null
2023-10-19 11:51:28,930 [WARN] ModelIntegratedComponent:63 - No mode defined for component null
2023-10-19 11:51:28,930 [WARN] ModelIntegratedComponent:63 - No mode defined for component null
2023-10-19 11:51:28,930 [WARN] ModelIntegratedComponent:63 - No mode defined for component null
2023-10-19 11:51:28,930 [WARN] ModelIntegratedComponent:63 - No mode defined for component null
2023-10-19 11:51:28,930 [WARN] ModelIntegratedComponent:63 - No mode defined for component null
2023-10-19 11:51:28,930 [WARN] ModelIntegratedComponent:63 - No mode defined for component null
2023-10-19 11:51:28,930 [WARN] ModelIntegratedComponent:63 - No mode defined for component null
2023-10-19 11:51:28,930 [WARN] ModelIntegratedComponent:63 - No mode defined for component null
2023-10-19 11:51:28,930 [WARN] ModelIntegratedComponent:63 - No mode defined for component null
2023-10-19 11:51:28,930 [WARN] ModelIntegratedComponent:63 - No mode defined for component null
2023-10-19 11:51:28,930 [WARN] ModelIntegratedComponent:63 - No mode defined for component null
2023-10-19 11:51:28,930 [WARN] ModelIntegratedComponent:63 - No mode defined for component null
2023-10-19 11:51:28,930 [WARN] ModelIntegratedComponent:63 - No mode defined for component null
2023-10-19 11:51:28,931 [WARN] ModelIntegratedComponent:63 - No mode defined for component null
2023-10-19 11:51:29,026 [INFO] ThirdPartyModel:298 - Start build external matchings
2023-10-19 11:51:29,645 [INFO] ThirdPartyModel:316 - End build external matchings
2023-10-19 11:51:30,288 [INFO] UtilMem:75 - End LoadConfig() Used Memory: 770890992 Bytes (1073741824)
2023-10-19 11:51:30,450 [INFO] ApiDb:581 - Connected to CubeFinder SQLite database (C:\Users\salva\.stmcufinder\plugins\mcufinder\mcu\cube-finder-db.db)
2023-10-19 11:51:30,563 [INFO] ApiDb:668 - CubeFinder database Data Model version=2.1
2023-10-19 11:51:30,563 [INFO] ApiDb:669 - CubeFinder database Configuration version=3.0.37
2023-10-19 11:51:30,563 [INFO] ApiDb:670 - CubeFinder database generation date=2023-08-09 (1691586011)
2023-10-19 11:51:30,563 [INFO] ApiDb:671 - CubeFinder database FW Pack versions=[FP-ATR-ASTRA1_V2.0.0, FP-SNS-FLIGHT1_V5.0.1, FP-SNS-FLIGHT1_V5.0.2, FP-SNS-MOTENV1_V4.3.1, FP-SNS-MOTENV1_V4.3.2, STM32Cube_FW_C0_V1.1.0, STM32Cube_FW_F4_V1.27.1, STM32Cube_FW_F7_V1.17.0, STM32Cube_FW_G0_V1.6.1, STM32Cube_FW_G4_V1.5.1, STM32Cube_FW_H5_V0.5.1, STM32Cube_FW_H5_V1.1.0, STM32Cube_FW_H7_V1.11.0, STM32Cube_FW_L0_V1.12.2, STM32Cube_FW_L5_V1.5.0, STM32Cube_FW_U5_V1.3.0, STM32Cube_FW_U5_V1.3.0RC4, STM32Cube_FW_WBA_V1.0.0RC1, STM32Cube_FW_WBA_V1.1.0, STM32Cube_FW_WBA_V1.1.0RC1, STM32Cube_FW_WB_V1.15.0RC1, STM32Cube_FW_WB_V1.16.0, STM32Cube_FW_WB_V1.16.0RC2, STM32Cube_FW_WB_V1.17.0, STM32Cube_FW_WL_V1.3.0, X-CUBE-ALGOBUILD_V1.3.0, X-CUBE-ALS_V1.0.1, X-CUBE-AZRTOS-F4_V1.1.0, X-CUBE-AZRTOS-F7_V1.1.0, X-CUBE-AZRTOS-G0_V1.1.0, X-CUBE-AZRTOS-G4_V2.0.0, X-CUBE-AZRTOS-H7_V3.1.0, X-CUBE-AZRTOS-L4_V1.0.0, X-CUBE-AZRTOS-L4_V2.0.0, X-CUBE-AZRTOS-L5_V1.1.0, X-CUBE-AZRTOS-WB_V1.1.0, X-CUBE-AZRTOS-WL_V2.0.0, X-CUBE-BLE1_V7.0.0, X-CUBE-BLE2_V3.3.0, X-CUBE-BLEMGR_V2.0.0, X-CUBE-EEPRMA1_V4.1.0, X-CUBE-FREERTOS_V1.1.0, X-CUBE-GNSS1_V6.0.0, X-CUBE-MEMS1_V9.1.0, X-CUBE-MEMS1_V9.4.0, X-CUBE-MEMS1_V9.6.0, X-CUBE-NFC4_V3.0.0, X-CUBE-NFC7_V1.0.0, X-CUBE-SFXS2LP1_V4.0.0, X-CUBE-SUBG2_V5.0.0, X-CUBE-TOF1_V3.3.1]
2023-10-19 11:51:33,779 [INFO] ApiDb:240 - Found 323 in-development CPN: [B-G473E-ZEST1S, B-WB1M-WPAN1, B-WL5M-SUBG1, NUCLEO-C031C6, NUCLEO-H503RB, NUCLEO-H563ZI, NUCLEO-U545RE-Q, NUCLEO-U5A5ZJ-Q, NUCLEO-WBA52CG, STEVAL-PROTEUS1, STEVAL-SMARTAG2, STEVAL-STWINBX1, STM320518-EVAL, STM32C0116-DK, STM32C011D6Y3TR, STM32C011D6Y6TR, STM32C011F4P3, STM32C011F4P6, STM32C011F4U3, STM32C011F4U6TR, STM32C011F6P3, STM32C011F6P6, STM32C011F6U3, STM32C011F6U6TR, STM32C011J4M3, STM32C011J4M6, STM32C011J6M3, STM32C011J6M6, STM32C0316-DK, STM32C031C4T3, STM32C031C4T6, STM32C031C4U3, STM32C031C4U6, STM32C031C6T3, STM32C031C6T6, STM32C031C6U3, STM32C031C6U6, STM32C031F4P3, STM32C031F4P6, STM32C031F6P3, STM32C031F6P6, STM32C031G4U3, STM32C031G4U6, STM32C031G6U3, STM32C031G6U6, STM32C031K4T3, STM32C031K4T6, STM32C031K4U3, STM32C031K4U6, STM32C031K6T3, STM32C031K6T6, STM32C031K6U3, STM32C031K6U6, STM32G071K8TXN, STM32G071K8UXN, STM32G081GBU6N, STM32G081KBT6N, STM32G081KBUXN, STM32G0B1CCT6N, STM32G0B1KCT6, STM32G0B1NEY6TR, STM32G0B1RCT6N, STM32G0C1CCT6, STM32G0C1CCT6N, STM32G0C1CCU6N, STM32G0C1CET6N, STM32G0C1CEU6N, STM32G0C1KCT6, STM32G0C1NEY6TR, STM32G0C1RCI6N, STM32G0C1RCT6N, STM32G0C1REI6N, STM32G0C1RET6N, STM32G0C1VCI6, STM32G0C1VEI6, STM32G471CCT6, STM32G471CCU6, STM32G471CET3, STM32G471CET6, STM32G471CEU3, STM32G471CEU6, STM32G471MCT6, STM32G471MET3, STM32G471MET6, STM32G471MEY6TR, STM32G471QCT6, STM32G471QET3, STM32G471RCT6, STM32G471RET3, STM32G471RET6, STM32G471VCH6, STM32G471VCI6, STM32G471VCT6, STM32G471VEH3, STM32G471VEH6, STM32G471VEI3, STM32G471VEI6, STM32G471VET3, STM32G471VET6, STM32G474CCT6, STM32H503CBT6, STM32H503CBU6, STM32H503EBY6TR, STM32H503KBU6, STM32H503RBT6, STM32H562AGI6, STM32H562AII6, STM32H562IGK6, STM32H562IGT6, STM32H562IIK6, STM32H562IIT6, STM32H562RGT6, STM32H562RGV6, STM32H562RIT6, STM32H562RIV6, STM32H562VGT6, STM32H562VIT6, STM32H562ZGT6, STM32H562ZIT6, STM32H563AGI6, STM32H563AII3Q, STM32H563AII6, STM32H563IGK6, STM32H563IGT6, STM32H563IIK3Q, STM32H563IIK6, STM32H563IIT3Q, STM32H563IIT6, STM32H563MIY3QTR, STM32H563RGT6, STM32H563RGV6, STM32H563RIT6, STM32H563RIV6, STM32H563VGT6, STM32H563VIT3Q, STM32H563VIT6, STM32H563ZGT6, STM32H563ZIT3Q, STM32H563ZIT6, STM32H573AII3Q, STM32H573AII6, STM32H573I-DK, STM32H573IIK3Q, STM32H573IIK6, STM32H573IIT3Q, STM32H573IIT6, STM32H573MIY3QTR, STM32H573RIT6, STM32H573RIV6, STM32H573VIT3Q, STM32H573VIT6, STM32H573ZIT3Q, STM32H573ZIT6, STM32L4R5QGI6STR, STM32MP131AAE3, STM32MP131AAF3, STM32MP131AAG3, STM32MP131CAE3, STM32MP131CAF3, STM32MP131CAG3, STM32MP131DAE7, STM32MP131DAF7, STM32MP131DAG7, STM32MP131FAE7, STM32MP131FAF7, STM32MP131FAG7, STM32MP133AAE3, STM32MP133AAF3, STM32MP133AAG3, STM32MP133CAE3, STM32MP133CAF3, STM32MP133CAG3, STM32MP133DAE7, STM32MP133DAF7, STM32MP133DAG7, STM32MP133FAE7, STM32MP133FAF7, STM32MP133FAG7, STM32MP135AAE3, STM32MP135AAF3, STM32MP135AAG3, STM32MP135CAE3, STM32MP135CAF3, STM32MP135CAG3, STM32MP135DAE7, STM32MP135DAF7, STM32MP135DAG7, STM32MP135F-DK, STM32MP135FAE7, STM32MP135FAF7, STM32MP135FAF7T, STM32MP135FAF7U, STM32MP135FAG7, STM32U535CBT6, STM32U535CBT6Q, STM32U535CBU6, STM32U535CBU6Q, STM32U535CCT6, STM32U535CCT6Q, STM32U535CCU6, STM32U535CCU6Q, STM32U535CET6, STM32U535CET6Q, STM32U535CEU6, STM32U535CEU6Q, STM32U535JEY6QTR, STM32U535NCY6QTR, STM32U535NEY6QTR, STM32U535RBI6, STM32U535RBI6Q, STM32U535RBT6, STM32U535RBT6Q, STM32U535RCI6, STM32U535RCI6Q, STM32U535RCT6, STM32U535RCT6Q, STM32U535REI6, STM32U535REI6Q, STM32U535RET6, STM32U535RET6Q, STM32U535VCI6, STM32U535VCI6Q, STM32U535VCT6, STM32U535VCT6Q, STM32U535VEI6, STM32U535VEI6Q, STM32U535VET6, STM32U535VET6Q, STM32U545CET6, STM32U545CET6Q, STM32U545CEU6, STM32U545CEU6Q, STM32U545JEY6QTR, STM32U545NEY6QTR, STM32U545REI6, STM32U545REI6Q, STM32U545RET6, STM32U545RET6Q, STM32U545VEI6, STM32U545VEI6Q, STM32U545VET6, STM32U545VET6Q, STM32U595AIH6, STM32U595AIH6Q, STM32U595AJH6, STM32U595AJH6Q, STM32U595QII6, STM32U595QII6Q, STM32U595QJI6, STM32U595QJI6Q, STM32U595RIT6, STM32U595RIT6Q, STM32U595RJT6, STM32U595RJT6Q, STM32U595VIT6, STM32U595VIT6Q, STM32U595VJT6, STM32U595VJT6Q, STM32U595ZIT6, STM32U595ZIT6Q, STM32U595ZIY6QTR, STM32U595ZJT6, STM32U595ZJT6Q, STM32U595ZJY6QTR, STM32U599BJY6QTR, STM32U599NIH6Q, STM32U599NJH6Q, STM32U599VIT6Q, STM32U599VJT6, STM32U599VJT6Q, STM32U599ZIT6Q, STM32U599ZIY6QTR, STM32U599ZJT6Q, STM32U599ZJY6QTR, STM32U5A5AJH6, STM32U5A5AJH6Q, STM32U5A5QJI6, STM32U5A5QJI6Q, STM32U5A5RJT6, STM32U5A5RJT6Q, STM32U5A5VJT6, STM32U5A5VJT6Q, STM32U5A5ZJT6, STM32U5A5ZJT6Q, STM32U5A5ZJY6QTR, STM32U5A9BJY6QTR, STM32U5A9J-DK, STM32U5A9NJH6Q, STM32U5A9VJT6Q, STM32U5A9ZJT6Q, STM32U5A9ZJY6QTR, STM32U5F7VIT6, STM32U5F7VIT6Q, STM32U5F7VJT6, STM32U5F7VJT6Q, STM32U5F9BJY6QTR, STM32U5F9NJH6Q, STM32U5F9VIT6Q, STM32U5F9VJT6Q, STM32U5F9ZIJ6QTR, STM32U5F9ZIT6Q, STM32U5F9ZJJ6QTR, STM32U5F9ZJT6Q, STM32U5G7VJT6, STM32U5G7VJT6Q, STM32U5G9BJY6QTR, STM32U5G9J-DK1, STM32U5G9J-DK2, STM32U5G9NJH6Q, STM32U5G9VJT6Q, STM32U5G9ZJJ6QTR, STM32U5G9ZJT6Q, STM32WB1MMCH6, STM32WBA52CEU6, STM32WBA52CEU6T, STM32WBA52CGU6, STM32WBA52CGU6T, STM32WBA52KEU6, STM32WBA52KEU6T, STM32WBA52KGU6, STM32WBA52KGU6T, STM32WL5MOCH6, STM32WL5MOCH6TR]
2023-10-19 11:51:33,783 [INFO] DbMcus:217 - Found 3848 MCUs, 3848 are supported
2023-10-19 11:51:33,789 [INFO] ApiDb:423 - Load user favorites file C:\Users\salva/.stm32cubeide/favorites.mcus.txt: 1 item(s)
2023-10-19 11:51:33,789 [INFO] ApiDb:427 - User favorites MCUs=[STM32G474RET6]
2023-10-19 11:51:33,789 [INFO] DbMcus:223 - Set 1 / 1 favorites MCUs
2023-10-19 11:51:34,278 [WARN] ThirdParty:833 - waiting for thirdparty lock release [change project]
2023-10-19 11:51:34,278 [INFO] ThirdParty:835 - entering critical section [change project]
2023-10-19 11:51:34,278 [INFO] ThirdParty:1030 - CMSIS Pack Vendor :STMicroelectronics X-CUBE-ISPU 1.1.0
2023-10-19 11:51:34,278 [INFO] ThirdParty:1030 - CMSIS Pack Vendor :STMicroelectronics USBPD 4.1
2023-10-19 11:51:34,278 [INFO] ThirdParty:1030 - CMSIS Pack Vendor :RoweBots I-CUBE-UNISONRTOS 5.5.0-4
2023-10-19 11:51:34,278 [INFO] ThirdParty:1030 - CMSIS Pack Vendor :STMicroelectronics X-CUBE-GNSS1 6.0.0
2023-10-19 11:51:34,278 [INFO] ThirdParty:1030 - CMSIS Pack Vendor :STMicroelectronics X-CUBE-AZRTOS-H7 2.1.0
2023-10-19 11:51:34,278 [INFO] ThirdParty:1030 - CMSIS Pack Vendor :STMicroelectronics USB_HOST 2.0.0
2023-10-19 11:51:34,278 [INFO] ThirdParty:1030 - CMSIS Pack Vendor :STMicroelectronics X-CUBE-AZRTOS-F4 1.1.0
2023-10-19 11:51:34,279 [INFO] ThirdParty:1030 - CMSIS Pack Vendor :STMicroelectronics LIBJPEG 8.0.0
2023-10-19 11:51:34,279 [INFO] ThirdParty:1030 - CMSIS Pack Vendor :STMicroelectronics USB_DEVICE 3.0.0
2023-10-19 11:51:34,279 [INFO] ThirdParty:1030 - CMSIS Pack Vendor :STMicroelectronics X-CUBE-TOUCHGFX 4.21.1
2023-10-19 11:51:34,279 [INFO] ThirdParty:1030 - CMSIS Pack Vendor :STMicroelectronics X-CUBE-BLEMGR 1.0.0
2023-10-19 11:51:34,279 [INFO] ThirdParty:1030 - CMSIS Pack Vendor :STMicroelectronics X-CUBE-BLEMGR 1.2.0
2023-10-19 11:51:34,279 [INFO] ThirdParty:1030 - CMSIS Pack Vendor :STMicroelectronics X-CUBE-AZRTOS-F7 1.1.0
2023-10-19 11:51:34,279 [INFO] ThirdParty:1030 - CMSIS Pack Vendor :STMicroelectronics X-CUBE-MEMS1 9.4.0
2023-10-19 11:51:34,279 [INFO] ThirdParty:1030 - CMSIS Pack Vendor :STMicroelectronics USB_DEVICE 2.0.0
2023-10-19 11:51:34,279 [INFO] ThirdParty:1030 - CMSIS Pack Vendor :STMicroelectronics X-CUBE-AI 7.3.0
2023-10-19 11:51:34,279 [INFO] ThirdParty:1030 - CMSIS Pack Vendor :STMicroelectronics X-CUBE-BLE1 6.2.3
2023-10-19 11:51:34,279 [INFO] ThirdParty:1030 - CMSIS Pack Vendor :STMicroelectronics X-CUBE-ALGOBUILD 1.3.0
2023-10-19 11:51:34,279 [INFO] ThirdParty:1030 - CMSIS Pack Vendor :STMicroelectronics X-CUBE-BLE1 6.2.4
2023-10-19 11:51:34,279 [INFO] ThirdParty:1030 - CMSIS Pack Vendor :STMicroelectronics X-CUBE-AZRTOS-L5 1.1.0
2023-10-19 11:51:34,279 [INFO] ThirdParty:1030 - CMSIS Pack Vendor :STMicroelectronics FreeRTOS 0.0.1
2023-10-19 11:51:34,279 [INFO] ThirdParty:1030 - CMSIS Pack Vendor :STMicroelectronics X-CUBE-AZRTOS-G0 1.1.0
2023-10-19 11:51:34,279 [INFO] ThirdParty:1030 - CMSIS Pack Vendor :STMicroelectronics X-CUBE-NFC4 3.0.0
2023-10-19 11:51:34,279 [INFO] ThirdParty:1030 - CMSIS Pack Vendor :SEGGER I-CUBE-embOS 1.2.0
2023-10-19 11:51:34,279 [INFO] ThirdParty:1030 - CMSIS Pack Vendor :STMicroelectronics X-CUBE-SUBG2 5.0.0
2023-10-19 11:51:34,279 [INFO] ThirdParty:1030 - CMSIS Pack Vendor :STMicroelectronics STM32_WPAN 1.0.0
2023-10-19 11:51:34,280 [INFO] ThirdParty:1030 - CMSIS Pack Vendor :STMicroelectronics lwIP 2.0.3
2023-10-19 11:51:34,280 [INFO] ThirdParty:1030 - CMSIS Pack Vendor :STMicroelectronics X-CUBE-NFC4 2.0.4
2023-10-19 11:51:34,280 [INFO] ThirdParty:1030 - CMSIS Pack Vendor :STMicroelectronics USB_HOST 1.0.0
2023-10-19 11:51:34,280 [INFO] ThirdParty:1030 - CMSIS Pack Vendor :STMicroelectronics PDM2PCM 3.1.0
2023-10-19 11:51:34,280 [INFO] ThirdParty:1030 - CMSIS Pack Vendor :STMicroelectronics FP-ATR-ASTRA1 1.1.1
2023-10-19 11:51:34,280 [INFO] ThirdParty:1030 - CMSIS Pack Vendor :STMicroelectronics PDM2PCM 3.3.0
2023-10-19 11:51:34,280 [INFO] ThirdParty:1030 - CMSIS Pack Vendor :STMicroelectronics X-CUBE-TOF1 3.1.0
2023-10-19 11:51:34,280 [INFO] ThirdParty:1030 - CMSIS Pack Vendor :STMicroelectronics X-CUBE-DISPLAY 3.0.0
2023-10-19 11:51:34,280 [INFO] ThirdParty:1030 - CMSIS Pack Vendor :STMicroelectronics X-CUBE-BLEMGR 1.3.0
2023-10-19 11:51:34,280 [INFO] ThirdParty:1030 - CMSIS Pack Vendor :STMicroelectronics FP-ATR-SIGFOX1 3.2.0
2023-10-19 11:51:34,280 [INFO] ThirdParty:1030 - CMSIS Pack Vendor :STMicroelectronics X-CUBE-AZRTOS-G4 1.0.0
2023-10-19 11:51:34,280 [INFO] ThirdParty:1030 - CMSIS Pack Vendor :STMicroelectronics X-CUBE-AZRTOS-L4 1.0.0
2023-10-19 11:51:34,280 [INFO] ThirdParty:1030 - CMSIS Pack Vendor :wolfSSL I-CUBE-wolfSSL 5.5.0
2023-10-19 11:51:34,280 [INFO] ThirdParty:1030 - CMSIS Pack Vendor :STMicroelectronics HAL Drivers 0.0.0
2023-10-19 11:51:34,280 [INFO] ThirdParty:1030 - CMSIS Pack Vendor :STMicroelectronics MBEDTLS 2.16.2
2023-10-19 11:51:34,280 [INFO] ThirdParty:1030 - CMSIS Pack Vendor :emotas I-CUBE-CANOPEN 1.1.2
2023-10-19 11:51:34,280 [INFO] ThirdParty:1030 - CMSIS Pack Vendor :STMicroelectronics X-CUBE-TOUCHGFX 4.20.0
2023-10-19 11:51:34,280 [INFO] ThirdParty:1030 - CMSIS Pack Vendor :STMicroelectronics MBEDTLS 2.14.1
2023-10-19 11:51:34,280 [INFO] ThirdParty:1030 - CMSIS Pack Vendor :STMicroelectronics X-CUBE-NFC7 1.0.0
2023-10-19 11:51:34,281 [INFO] ThirdParty:1030 - CMSIS Pack Vendor :STMicroelectronics X-CUBE-AZRTOS-WL 1.0.0
2023-10-19 11:51:34,281 [INFO] ThirdParty:1030 - CMSIS Pack Vendor :STMicroelectronics X-CUBE-MEMS1 9.3.0
2023-10-19 11:51:34,281 [INFO] ThirdParty:1030 - CMSIS Pack Vendor :STMicroelectronics X-CUBE-EEPRMA1 4.1.0
2023-10-19 11:51:34,281 [INFO] ThirdParty:1030 - CMSIS Pack Vendor :portGmbH I-Cube-SoM-uGOAL 1.1.0
2023-10-19 11:51:34,281 [INFO] ThirdParty:1030 - CMSIS Pack Vendor :STMicroelectronics X-CUBE-ALS 1.0.1
2023-10-19 11:51:34,281 [INFO] ThirdParty:1030 - CMSIS Pack Vendor :STMicroelectronics X-CUBE-AI 7.2.0
2023-10-19 11:51:34,281 [INFO] ThirdParty:1030 - CMSIS Pack Vendor :STMicroelectronics ThreadX 1.0.0
2023-10-19 11:51:34,281 [INFO] ThirdParty:1030 - CMSIS Pack Vendor :STMicroelectronics X-CUBE-AZRTOS-WB 1.1.0
2023-10-19 11:51:34,281 [INFO] ThirdParty:1030 - CMSIS Pack Vendor :STMicroelectronics X-CUBE-AZRTOS-L5 1.0.0
2023-10-19 11:51:34,281 [INFO] ThirdParty:1030 - CMSIS Pack Vendor :STMicroelectronics USB_DEVICE 1.0.0
2023-10-19 11:51:34,281 [INFO] ThirdParty:1030 - CMSIS Pack Vendor :STMicroelectronics X-CUBE-EEPRMA1 3.1.1
2023-10-19 11:51:34,281 [INFO] ThirdParty:1030 - CMSIS Pack Vendor :STMicroelectronics ThreadX 0.0.2
2023-10-19 11:51:34,281 [INFO] ThirdParty:1030 - CMSIS Pack Vendor :STMicroelectronics lwIP 2.1.2
2023-10-19 11:51:34,281 [INFO] ThirdParty:1030 - CMSIS Pack Vendor :STMicroelectronics X-CUBE-SFXS2LP1 4.0.0
2023-10-19 11:51:34,281 [INFO] ThirdParty:1030 - CMSIS Pack Vendor :STMicroelectronics X-CUBE-BLE2 3.3.0
2023-10-19 11:51:34,281 [INFO] ThirdParty:1030 - CMSIS Pack Vendor :STMicroelectronics X-CUBE-DISPLAY 2.2.0
2023-10-19 11:51:34,281 [INFO] ThirdParty:1030 - CMSIS Pack Vendor :STMicroelectronics X-CUBE-TOF1 3.2.0
2023-10-19 11:51:34,281 [INFO] ThirdParty:1030 - CMSIS Pack Vendor :STMicroelectronics PDM2PCM 3.2.0
2023-10-19 11:51:34,281 [INFO] ThirdParty:1030 - CMSIS Pack Vendor :STMicroelectronics X-CUBE-AZRTOS-H7 3.0.0
2023-10-19 11:51:34,281 [INFO] ThirdParty:1030 - CMSIS Pack Vendor :STMicroelectronics X-CUBE-ISPU 1.0.0
2023-10-19 11:51:34,282 [INFO] ThirdParty:841 - exiting critical section [change project]
2023-10-19 11:51:34,949 [INFO] PinOutPanel:1499 - setPackage(No Configuration,No Configuration)
2023-10-19 11:51:34,952 [INFO] PinOutPanel:1499 - setPackage(STM32G474RETx,LQFP64)
2023-10-19 11:51:35,799 [INFO] UtilMem:75 - Before build in PCC Used Memory: 703682912 Bytes (1073741824)
2023-10-19 11:51:37,180 [INFO] UtilMem:75 - After build in PCC Used Memory: 828932312 Bytes (1073741824)
2023-10-19 11:51:37,218 [INFO] IPUIPlugin:80 - create IPUIPlugin
2023-10-19 11:51:37,218 [INFO] IPUIPlugin:80 - create IPUIPlugin
2023-10-19 11:51:37,218 [INFO] IPUIPlugin:80 - create IPUIPlugin
2023-10-19 11:51:37,218 [INFO] IPUIPlugin:80 - create IPUIPlugin
2023-10-19 11:51:37,218 [INFO] IPUIPlugin:80 - create IPUIPlugin
2023-10-19 11:51:37,219 [INFO] IPUIPlugin:80 - create IPUIPlugin
2023-10-19 11:51:37,219 [INFO] IPUIPlugin:80 - create IPUIPlugin
2023-10-19 11:51:37,219 [INFO] IPUIPlugin:80 - create IPUIPlugin
2023-10-19 11:51:37,219 [INFO] IPUIPlugin:80 - create IPUIPlugin
2023-10-19 11:51:37,219 [INFO] IPUIPlugin:80 - create IPUIPlugin
2023-10-19 11:51:37,219 [INFO] IPUIPlugin:80 - create IPUIPlugin
2023-10-19 11:51:37,219 [INFO] IPUIPlugin:80 - create IPUIPlugin
2023-10-19 11:51:37,219 [INFO] IPUIPlugin:80 - create IPUIPlugin
2023-10-19 11:51:37,219 [INFO] IPUIPlugin:80 - create IPUIPlugin
2023-10-19 11:51:37,220 [INFO] IPUIPlugin:80 - create IPUIPlugin
2023-10-19 11:51:37,220 [INFO] IPUIPlugin:80 - create IPUIPlugin
2023-10-19 11:51:37,220 [INFO] IPUIPlugin:80 - create IPUIPlugin
2023-10-19 11:51:37,220 [INFO] IPUIPlugin:80 - create IPUIPlugin
2023-10-19 11:51:37,220 [INFO] IPUIPlugin:80 - create IPUIPlugin
2023-10-19 11:51:37,220 [INFO] IPUIPlugin:80 - create IPUIPlugin
2023-10-19 11:51:37,220 [INFO] IPUIPlugin:80 - create IPUIPlugin
2023-10-19 11:51:37,221 [INFO] IPUIPlugin:80 - create IPUIPlugin
2023-10-19 11:51:37,221 [INFO] IPUIPlugin:80 - create IPUIPlugin
2023-10-19 11:51:37,221 [INFO] IPUIPlugin:80 - create IPUIPlugin
2023-10-19 11:51:37,221 [INFO] IPUIPlugin:80 - create IPUIPlugin
2023-10-19 11:51:37,221 [INFO] IPUIPlugin:80 - create IPUIPlugin
2023-10-19 11:51:37,221 [INFO] IPUIPlugin:80 - create IPUIPlugin
2023-10-19 11:51:37,222 [INFO] IPUIPlugin:80 - create IPUIPlugin
2023-10-19 11:51:37,222 [INFO] IPUIPlugin:80 - create IPUIPlugin
2023-10-19 11:51:37,222 [INFO] IPUIPlugin:80 - create IPUIPlugin
2023-10-19 11:51:37,222 [INFO] IPUIPlugin:80 - create IPUIPlugin
2023-10-19 11:51:37,223 [INFO] IPUIPlugin:80 - create IPUIPlugin
2023-10-19 11:51:37,223 [INFO] IPUIPlugin:80 - create IPUIPlugin
2023-10-19 11:51:37,223 [INFO] IPUIPlugin:80 - create IPUIPlugin
2023-10-19 11:51:37,224 [INFO] IPUIPlugin:80 - create IPUIPlugin
2023-10-19 11:51:37,224 [INFO] IPUIPlugin:80 - create IPUIPlugin
2023-10-19 11:51:37,224 [INFO] IPUIPlugin:80 - create IPUIPlugin
2023-10-19 11:51:37,225 [INFO] IPUIPlugin:80 - create IPUIPlugin
2023-10-19 11:51:37,225 [INFO] IPUIPlugin:80 - create IPUIPlugin
2023-10-19 11:51:37,225 [INFO] IPUIPlugin:80 - create IPUIPlugin
2023-10-19 11:51:37,225 [INFO] IPUIPlugin:80 - create IPUIPlugin
2023-10-19 11:51:37,226 [INFO] IPUIPlugin:80 - create IPUIPlugin
2023-10-19 11:51:37,226 [INFO] IPUIPlugin:80 - create IPUIPlugin
2023-10-19 11:51:37,226 [INFO] IPUIPlugin:80 - create IPUIPlugin
2023-10-19 11:51:37,226 [INFO] IPUIPlugin:80 - create IPUIPlugin
2023-10-19 11:51:37,227 [INFO] IPUIPlugin:80 - create IPUIPlugin
2023-10-19 11:51:37,227 [INFO] IPUIPlugin:80 - create IPUIPlugin
2023-10-19 11:51:37,227 [INFO] IPUIPlugin:80 - create IPUIPlugin
2023-10-19 11:51:37,228 [INFO] IPUIPlugin:80 - create IPUIPlugin
2023-10-19 11:51:37,228 [INFO] IPUIPlugin:80 - create IPUIPlugin
2023-10-19 11:51:37,228 [INFO] IPUIPlugin:80 - create IPUIPlugin
2023-10-19 11:51:37,230 [INFO] IPUIPlugin:80 - create IPUIPlugin
2023-10-19 11:51:37,230 [INFO] IPUIPlugin:80 - create IPUIPlugin
2023-10-19 11:51:37,230 [INFO] IPUIPlugin:80 - create IPUIPlugin
2023-10-19 11:51:37,230 [INFO] IPUIPlugin:80 - create IPUIPlugin
2023-10-19 11:51:37,231 [INFO] IPUIPlugin:80 - create IPUIPlugin
2023-10-19 11:51:37,231 [INFO] IPUIPlugin:80 - create IPUIPlugin
2023-10-19 11:51:37,231 [INFO] IPUIPlugin:80 - create IPUIPlugin
2023-10-19 11:51:37,232 [INFO] IPUIPlugin:80 - create IPUIPlugin
2023-10-19 11:51:37,232 [INFO] IPUIPlugin:80 - create IPUIPlugin
2023-10-19 11:51:37,232 [INFO] IPUIPlugin:80 - create IPUIPlugin
2023-10-19 11:51:37,233 [INFO] IPUIPlugin:80 - create IPUIPlugin
2023-10-19 11:51:37,233 [INFO] IPUIPlugin:80 - create IPUIPlugin
2023-10-19 11:51:37,233 [INFO] IPUIPlugin:80 - create IPUIPlugin
2023-10-19 11:51:37,234 [INFO] IPUIPlugin:80 - create IPUIPlugin
2023-10-19 11:51:37,234 [INFO] IPUIPlugin:80 - create IPUIPlugin
2023-10-19 11:51:37,234 [INFO] IPUIPlugin:80 - create IPUIPlugin
2023-10-19 11:51:37,235 [INFO] IPUIPlugin:80 - create IPUIPlugin
2023-10-19 11:51:37,235 [INFO] IPUIPlugin:80 - create IPUIPlugin
2023-10-19 11:51:37,236 [INFO] IPUIPlugin:80 - create IPUIPlugin
2023-10-19 11:51:37,236 [INFO] IPUIPlugin:80 - create IPUIPlugin
2023-10-19 11:51:37,236 [INFO] IPUIPlugin:80 - create IPUIPlugin
2023-10-19 11:51:37,237 [INFO] IPUIPlugin:80 - create IPUIPlugin
2023-10-19 11:51:37,237 [INFO] IPUIPlugin:80 - create IPUIPlugin
2023-10-19 11:51:37,238 [INFO] IPUIPlugin:80 - create IPUIPlugin
2023-10-19 11:51:37,239 [INFO] IPUIPlugin:80 - create IPUIPlugin
2023-10-19 11:51:37,239 [INFO] IPUIPlugin:80 - create IPUIPlugin
2023-10-19 11:51:37,547 [INFO] CADModel:165 - CPN selected for project levelSTM32G474RET6
2023-10-19 11:51:37,547 [INFO] CADModel:114 - Register for checkConnection events
2023-10-19 11:51:37,603 [INFO] OpenFileManager:328 - Restore cursor
2023-10-19 11:54:21,256 [INFO] UtilMem:75 - End SaveConfig() Used Memory: 558260720 Bytes (1073741824)
2023-10-19 11:54:23,794 [INFO] UtilMem:75 - End SaveConfig() Used Memory: 589717984 Bytes (1073741824)
2023-10-19 11:54:25,663 [INFO] UtilMem:75 - End SaveConfig() Used Memory: 633231840 Bytes (1073741824)
2023-10-19 11:54:26,077 [INFO] BlockDiagram:2759 - set Specific Code input for plugin: DAC
2023-10-19 11:54:26,077 [INFO] BlockDiagram:2759 - set Specific Code input for plugin: TIM6_7G4
2023-10-19 11:54:26,077 [INFO] BlockDiagram:2759 - set Specific Code input for plugin: RCC
2023-10-19 11:54:26,077 [INFO] BlockDiagram:2759 - set Specific Code input for plugin: NVIC
2023-10-19 11:54:26,078 [INFO] BlockDiagram:2759 - set Specific Code input for plugin: GPIO
2023-10-19 11:54:26,080 [INFO] CodeGenerator:799 - code generatio: config db path: C:\ST\STM32CubeIDE_1.13.2\STM32CubeIDE\plugins\com.st.stm32cube.common.mx_6.9.2.202309101412\\db\
2023-10-19 11:54:26,375 [INFO] CodeEngine:255 - oldGeneratedFile, C:\Users\salva\Desktop\TFG\STM\workspace\PruebaTFG\MXTmpFiles\license.tmp_save
2023-10-19 11:54:26,820 [INFO] CodeEngine:279 - Generated code: C:\Users\salva\Desktop\TFG\STM\workspace\PruebaTFG\MXTmpFiles\license.tmp
2023-10-19 11:54:26,990 [INFO] CodeEngine:255 - oldGeneratedFile, C:\Users\salva\Desktop\TFG\STM\workspace\PruebaTFG\MXTmpFiles\gpio.tmp_save
2023-10-19 11:54:27,118 [INFO] CodeEngine:279 - Generated code: C:\Users\salva\Desktop\TFG\STM\workspace\PruebaTFG\MXTmpFiles\gpio.tmp
2023-10-19 11:54:27,281 [INFO] CodeEngine:255 - oldGeneratedFile, C:\Users\salva\Desktop\TFG\STM\workspace\PruebaTFG\Core\Src\stm32g4xx_it.c_save
2023-10-19 11:54:27,429 [INFO] CodeEngine:279 - Generated code: C:\Users\salva\Desktop\TFG\STM\workspace\PruebaTFG\Core\Src\stm32g4xx_it.c
2023-10-19 11:54:27,439 [INFO] CodeEngine:255 - oldGeneratedFile, C:\Users\salva\Desktop\TFG\STM\workspace\PruebaTFG\Core\Inc\stm32g4xx_it.h_save
2023-10-19 11:54:27,525 [INFO] CodeEngine:279 - Generated code: C:\Users\salva\Desktop\TFG\STM\workspace\PruebaTFG\Core\Inc\stm32g4xx_it.h
2023-10-19 11:54:27,576 [INFO] CodeEngine:255 - oldGeneratedFile, C:\Users\salva\Desktop\TFG\STM\workspace\PruebaTFG\Core\Src\stm32g4xx_hal_msp.c_save
2023-10-19 11:54:27,714 [INFO] CodeEngine:279 - Generated code: C:\Users\salva\Desktop\TFG\STM\workspace\PruebaTFG\Core\Src\stm32g4xx_hal_msp.c
2023-10-19 11:54:27,724 [INFO] CodeEngine:255 - oldGeneratedFile, C:\Users\salva\Desktop\TFG\STM\workspace\PruebaTFG\MXTmpFiles\system.tmp_save
2023-10-19 11:54:27,812 [INFO] CodeEngine:279 - Generated code: C:\Users\salva\Desktop\TFG\STM\workspace\PruebaTFG\MXTmpFiles\system.tmp
2023-10-19 11:54:27,847 [INFO] CodeEngine:311 - oldGeneratedFile, C:\Users\salva\Desktop\TFG\STM\workspace\PruebaTFG\Core\Inc\stm32g4xx_hal_conf.h_save
2023-10-19 11:54:27,965 [INFO] CodeEngine:335 - Generated code: C:\Users\salva\Desktop\TFG\STM\workspace\PruebaTFG\Core\Inc\stm32g4xx_hal_conf.h
2023-10-19 11:54:27,994 [WARN] IPConfigManager:2937 - Warning: the RefConfig RCC_CommonPeriphClockConfig is not available in your config.xml file
2023-10-19 11:54:27,997 [WARN] IPConfigManager:3431 - IP not found : TIM
2023-10-19 11:54:27,998 [WARN] CodeGenerator:3764 - IP not found : null
2023-10-19 11:54:28,025 [INFO] CodeEngine:255 - oldGeneratedFile, C:\Users\salva\Desktop\TFG\STM\workspace\PruebaTFG\Core\Inc\main.h_save
2023-10-19 11:54:28,122 [INFO] CodeEngine:279 - Generated code: C:\Users\salva\Desktop\TFG\STM\workspace\PruebaTFG\Core\Inc\main.h
2023-10-19 11:54:28,145 [INFO] CodeEngine:255 - oldGeneratedFile, C:\Users\salva\Desktop\TFG\STM\workspace\PruebaTFG\Core\Src\main.c_save
2023-10-19 11:54:28,325 [INFO] CodeEngine:279 - Generated code: C:\Users\salva\Desktop\TFG\STM\workspace\PruebaTFG\Core\Src\main.c
2023-10-19 11:54:28,784 [INFO] ProjectBuilder:3064 - Time for Copy HAL[1] : 129mS.
2023-10-19 11:54:28,789 [INFO] ProjectBuilder:4404 - Project Generator version: 4.1.0
2023-10-19 11:54:28,961 [INFO] ConfigFileManager:1457 - The Die is : DIE469
2023-10-19 11:54:28,976 [INFO] ApiDbMcu:507 - Load IP Config File for FATFS
2023-10-19 11:54:28,988 [INFO] ApiDbMcu:507 - Load IP Config File for FREERTOS
2023-10-19 11:54:29,002 [INFO] ApiDbMcu:507 - Load IP Config File for USBPD
2023-10-19 11:54:29,017 [INFO] ApiDbMcu:507 - Load IP Config File for USB_Device
2023-10-19 11:54:30,197 [INFO] LogOutputStream:77 - [STDOUT_REDIRECT] 
2023-10-19 11:54:31,717 [INFO] ProjectBuilder:4626 - Time for Generating toolchain IDE Files: 2927mS.
2023-10-19 11:54:31,718 [INFO] ProjectBuilder:2935 - Time for Copy CMSIS : 1mS.
2023-10-19 11:54:31,720 [INFO] ProjectBuilder:2935 - Time for Copy CMSIS : 0mS.
2023-10-19 11:54:42,475 [INFO] NvicIntPanel:101 - NVIC parent = com.st.microxplorer.plugins.ip.nvic.MultiNvicIntPanel[,0,0,0x0,invalid,layout=javax.swing.BoxLayout,alignmentX=0.0,alignmentY=0.0,border=,flags=9,maximumSize=,minimumSize=,preferredSize=]
2023-10-19 11:54:57,740 [INFO] NvicIntPanel:101 - NVIC parent = com.st.microxplorer.plugins.ip.nvic.MultiNvicIntPanel[,0,0,0x0,invalid,layout=javax.swing.BoxLayout,alignmentX=0.0,alignmentY=0.0,border=,flags=9,maximumSize=,minimumSize=,preferredSize=]
2023-10-19 11:55:09,686 [INFO] NvicIntPanel:101 - NVIC parent = com.st.microxplorer.plugins.ip.nvic.MultiNvicIntPanel[,0,0,0x0,invalid,layout=javax.swing.BoxLayout,alignmentX=0.0,alignmentY=0.0,border=,flags=9,maximumSize=,minimumSize=,preferredSize=]
2023-10-19 11:56:13,497 [INFO] NvicIntPanel:101 - NVIC parent = com.st.microxplorer.plugins.ip.nvic.MultiNvicIntPanel[,0,0,0x0,invalid,layout=javax.swing.BoxLayout,alignmentX=0.0,alignmentY=0.0,border=,flags=9,maximumSize=,minimumSize=,preferredSize=]
2023-10-19 11:56:16,978 [INFO] UtilMem:75 - End SaveConfig() Used Memory: 306564992 Bytes (1024458752)
2023-10-19 11:56:18,478 [INFO] UtilMem:75 - End SaveConfig() Used Memory: 335398784 Bytes (1024458752)
2023-10-19 11:56:20,405 [INFO] UtilMem:75 - End SaveConfig() Used Memory: 376293248 Bytes (1024458752)
2023-10-19 11:56:20,579 [INFO] BlockDiagram:2759 - set Specific Code input for plugin: DAC
2023-10-19 11:56:20,579 [INFO] BlockDiagram:2759 - set Specific Code input for plugin: TIM6_7G4
2023-10-19 11:56:20,580 [INFO] BlockDiagram:2759 - set Specific Code input for plugin: RCC
2023-10-19 11:56:20,580 [INFO] BlockDiagram:2759 - set Specific Code input for plugin: NVIC
2023-10-19 11:56:20,580 [INFO] BlockDiagram:2759 - set Specific Code input for plugin: GPIO
2023-10-19 11:56:20,581 [INFO] CodeGenerator:799 - code generatio: config db path: C:\ST\STM32CubeIDE_1.13.2\STM32CubeIDE\plugins\com.st.stm32cube.common.mx_6.9.2.202309101412\\db\
2023-10-19 11:56:20,689 [INFO] CodeEngine:255 - oldGeneratedFile, C:\Users\salva\Desktop\TFG\STM\workspace\PruebaTFG\MXTmpFiles\license.tmp_save
2023-10-19 11:56:20,774 [INFO] CodeEngine:279 - Generated code: C:\Users\salva\Desktop\TFG\STM\workspace\PruebaTFG\MXTmpFiles\license.tmp
2023-10-19 11:56:20,790 [INFO] CodeEngine:255 - oldGeneratedFile, C:\Users\salva\Desktop\TFG\STM\workspace\PruebaTFG\MXTmpFiles\gpio.tmp_save
2023-10-19 11:56:20,871 [INFO] CodeEngine:279 - Generated code: C:\Users\salva\Desktop\TFG\STM\workspace\PruebaTFG\MXTmpFiles\gpio.tmp
2023-10-19 11:56:20,947 [INFO] CodeEngine:255 - oldGeneratedFile, C:\Users\salva\Desktop\TFG\STM\workspace\PruebaTFG\Core\Src\stm32g4xx_it.c_save
2023-10-19 11:56:21,032 [INFO] CodeEngine:279 - Generated code: C:\Users\salva\Desktop\TFG\STM\workspace\PruebaTFG\Core\Src\stm32g4xx_it.c
2023-10-19 11:56:21,045 [INFO] CodeEngine:255 - oldGeneratedFile, C:\Users\salva\Desktop\TFG\STM\workspace\PruebaTFG\Core\Inc\stm32g4xx_it.h_save
2023-10-19 11:56:21,100 [INFO] CodeEngine:279 - Generated code: C:\Users\salva\Desktop\TFG\STM\workspace\PruebaTFG\Core\Inc\stm32g4xx_it.h
2023-10-19 11:56:21,129 [INFO] CodeEngine:255 - oldGeneratedFile, C:\Users\salva\Desktop\TFG\STM\workspace\PruebaTFG\Core\Src\stm32g4xx_hal_msp.c_save
2023-10-19 11:56:21,203 [INFO] CodeEngine:279 - Generated code: C:\Users\salva\Desktop\TFG\STM\workspace\PruebaTFG\Core\Src\stm32g4xx_hal_msp.c
2023-10-19 11:56:21,208 [INFO] CodeEngine:255 - oldGeneratedFile, C:\Users\salva\Desktop\TFG\STM\workspace\PruebaTFG\MXTmpFiles\system.tmp_save
2023-10-19 11:56:21,256 [INFO] CodeEngine:279 - Generated code: C:\Users\salva\Desktop\TFG\STM\workspace\PruebaTFG\MXTmpFiles\system.tmp
2023-10-19 11:56:21,272 [INFO] CodeEngine:311 - oldGeneratedFile, C:\Users\salva\Desktop\TFG\STM\workspace\PruebaTFG\Core\Inc\stm32g4xx_hal_conf.h_save
2023-10-19 11:56:21,355 [INFO] CodeEngine:335 - Generated code: C:\Users\salva\Desktop\TFG\STM\workspace\PruebaTFG\Core\Inc\stm32g4xx_hal_conf.h
2023-10-19 11:56:21,378 [WARN] IPConfigManager:2937 - Warning: the RefConfig RCC_CommonPeriphClockConfig is not available in your config.xml file
2023-10-19 11:56:21,379 [WARN] IPConfigManager:3431 - IP not found : TIM
2023-10-19 11:56:21,380 [WARN] CodeGenerator:3764 - IP not found : null
2023-10-19 11:56:21,397 [INFO] CodeEngine:255 - oldGeneratedFile, C:\Users\salva\Desktop\TFG\STM\workspace\PruebaTFG\Core\Inc\main.h_save
2023-10-19 11:56:21,482 [INFO] CodeEngine:279 - Generated code: C:\Users\salva\Desktop\TFG\STM\workspace\PruebaTFG\Core\Inc\main.h
2023-10-19 11:56:21,498 [INFO] CodeEngine:255 - oldGeneratedFile, C:\Users\salva\Desktop\TFG\STM\workspace\PruebaTFG\Core\Src\main.c_save
2023-10-19 11:56:21,660 [INFO] CodeEngine:279 - Generated code: C:\Users\salva\Desktop\TFG\STM\workspace\PruebaTFG\Core\Src\main.c
2023-10-19 11:56:22,253 [INFO] ProjectBuilder:3064 - Time for Copy HAL[1] : 174mS.
2023-10-19 11:56:22,256 [INFO] ProjectBuilder:4404 - Project Generator version: 4.1.0
2023-10-19 11:56:22,411 [INFO] ConfigFileManager:1457 - The Die is : DIE469
2023-10-19 11:56:23,785 [INFO] ProjectBuilder:4626 - Time for Generating toolchain IDE Files: 1529mS.
2023-10-19 11:56:23,786 [INFO] ProjectBuilder:2935 - Time for Copy CMSIS : 1mS.
2023-10-19 11:56:23,789 [INFO] ProjectBuilder:2935 - Time for Copy CMSIS : 0mS.
